<?xml version="1.0" encoding="UTF-8"?>
<!-- Generated by org.testng.reporters.JUnitReportReporter -->
<testsuite hostname="DESKTOP-39M4H89" failures="0" tests="2" name="qa.globalgarner.testpages.Homepagetest" time="0.102" errors="0" timestamp="21 Jan 2022 06:43:01 GMT" skipped="0">
  <testcase classname="qa.globalgarner.testpages.Homepagetest" name="rechargelinkexistornot" time="0.042"/>
  <testcase classname="qa.globalgarner.testpages.Homepagetest" name="bswlinkexistornot" time="0.060"/>
</testsuite> <!-- qa.globalgarner.testpages.Homepagetest -->
