<?xml version="1.0" encoding="UTF-8"?>
<!-- Generated by org.testng.reporters.JUnitReportReporter -->
<testsuite hostname="DESKTOP-39M4H89" failures="0" tests="5" name="qa.globalgarner.testpages.LoginpageTest" time="0.753" errors="0" timestamp="15 Feb 2022 12:55:36 GMT" skipped="0">
  <testcase classname="qa.globalgarner.testpages.LoginpageTest" name="rechargelinkexistornot" time="0.061"/>
  <testcase classname="qa.globalgarner.testpages.LoginpageTest" name="getpagetitiletest" time="0.012"/>
  <testcase classname="qa.globalgarner.testpages.LoginpageTest" name="getcurrenturltest" time="0.010"/>
  <testcase classname="qa.globalgarner.testpages.LoginpageTest" name="logintest" time="0.590"/>
  <testcase classname="qa.globalgarner.testpages.LoginpageTest" name="bswlinkexistornot" time="0.080"/>
</testsuite> <!-- qa.globalgarner.testpages.LoginpageTest -->
