<?xml version="1.0" encoding="UTF-8"?>
<!-- Generated by org.testng.reporters.JUnitReportReporter -->
<testsuite hostname="DESKTOP-39M4H89" failures="0" tests="1" name="webdrivertest.test1" time="1.942" errors="0" timestamp="2021-09-15T15:02:22 IST" skipped="0">
  <testcase classname="webdrivertest.test1" name="test1" time="1.942"/>
  <system-out/>
</testsuite> <!-- webdrivertest.test1 -->
